<?xml version="1.0" encoding="UTF-8"?>
<!-- Generated by org.testng.reporters.JUnitXMLReporter -->
<testsuite ignored="0" hostname="Macooks-MacBook-Pro.local" failures="0" tests="5" name="Surefire test" time="12.163" errors="0" timestamp="2025-08-12T23:32:27 EEST">
  <testcase classname="smokeTests.ApiSmokeTests" name="userCrudTest" time="7.781"/>
  <testcase classname="smokeTests.AuthSmokeTests" name="loginAndReturnTokenTest" time="0.198"/>
  <testcase classname="smokeTests.AuthSmokeTests" name="loginWithEmptyPassAndCheckAnErrorTest" time="0.212"/>
  <testcase classname="smokeTests.AuthRegisterTests" name="registerTest" time="0.187"/>
  <testcase classname="smokeTests.AuthRegisterTests" name="registerWithoutPassTest" time="0.229"/>
</testsuite> <!-- Surefire test -->
