<?xml version="1.0" encoding="UTF-8"?>
<testsuite xmlns:xsi="http://www.w3.org/2001/XMLSchema-instance" xsi:noNamespaceSchemaLocation="https://maven.apache.org/surefire/maven-surefire-plugin/xsd/surefire-test-report.xsd" version="3.0.2" name="TestSuite" time="13.959" tests="5" errors="0" skipped="0" failures="0">
  <properties>
[...]
</properties>
  <testcase name="userCrudTest" classname="smokeTests.ApiSmokeTests" time="7.865">
    <system-out><![CDATA[&amp#27;[1;32mPre-condition STEP 1 : Init Playwright&amp#27;[0m
&amp#27;[1;34mSTEP 1 : Create and check is user user created correctly&amp#27;[0m
&amp#27;[1;34mSTEP 2 : Update user&amp#27;[0m
&amp#27;[1;34mSTEP 3 : Get updated user&amp#27;[0m
&amp#27;[1;34mSTEP 4 : Delete created user&amp#27;[0m
]]></system-out>
    <system-err><![CDATA[SLF4J: Failed to load class "org.slf4j.impl.StaticLoggerBinder".
SLF4J: Defaulting to no-operation (NOP) logger implementation
SLF4J: See http://www.slf4j.org/codes.html#StaticLoggerBinder for further details.
]]></system-err>
  </testcase>
  <testcase name="loginAndReturnTokenTest" classname="smokeTests.AuthSmokeTests" time="0.199">
    <system-out><![CDATA[&amp#27;[0m
&amp#27;[1;32mPre-condition STEP 1 : Init Playwright&amp#27;[0m
&amp#27;[1;34mSTEP 1 : Try to auth with cred's&amp#27;[0m
&amp#27;[1;34mSTEP 2 : Check token&amp#27;[0m
&amp#27;[1;34mSTEP 3 : Check errors&amp#27;[0m
]]></system-out>
  </testcase>
  <testcase name="loginWithEmptyPassAndCheckAnErrorTest" classname="smokeTests.AuthSmokeTests" time="0.212">
    <system-out><![CDATA[&amp#27;[0m
&amp#27;[1;34mSTEP 1 : Try to auth without pass&amp#27;[0m
]]></system-out>
  </testcase>
  <testcase name="registerTest" classname="smokeTests.AuthRegisterTests" time="0.188">
    <system-out><![CDATA[&amp#27;[0m
&amp#27;[1;34mSTEP 1 : Try to register with cred's&amp#27;[0m
&amp#27;[1;34mSTEP 2 : Get created user&amp#27;[0m
&amp#27;[1;34mSTEP 3 : Check an errors&amp#27;[0m
]]></system-out>
  </testcase>
  <testcase name="registerWithoutPassTest" classname="smokeTests.AuthRegisterTests" time="0.23">
    <system-out><![CDATA[&amp#27;[1;34mSTEP 4 : Try to register without pass&amp#27;[0m
]]></system-out>
  </testcase>
</testsuite>