<?xml version="1.0" encoding="UTF-8"?>
<testsuite xmlns:xsi="http://www.w3.org/2001/XMLSchema-instance" xsi:noNamespaceSchemaLocation="https://maven.apache.org/surefire/maven-surefire-plugin/xsd/surefire-test-report-3.0.xsd" version="3.0" name="TestSuite" time="12.944" tests="14" errors="0" skipped="2" failures="2">
  <properties>
[...]
</properties>
  <testcase name="createUser_shouldReturn201_andEchoBody" classname="smokeTests.ApiSmokeTest" time="5.521">
    <system-err><![CDATA[SLF4J: Failed to load class "org.slf4j.impl.StaticLoggerBinder".
SLF4J: Defaulting to no-operation (NOP) logger implementation
SLF4J: See http://www.slf4j.org/codes.html#StaticLoggerBinder for further details.
]]></system-err>
  </testcase>
  <testcase name="getUsers_shouldReturn200_andList" classname="smokeTests.ApiSmokeTest" time="0.0">
    <skipped message="&#10;Expecting value to be true but was false"/>
  </testcase>
  <testcase name="getUsers_shouldReturn200_andList" classname="smokeTests.ApiSmokeTest" time="0.081">
    <failure message="&#10;Expecting value to be true but was false" type="org.opentest4j.AssertionFailedError"><![CDATA[org.opentest4j.AssertionFailedError: 

Expecting value to be true but was false
	at smokeTests.ApiSmokeTest.getUsers_shouldReturn200_andList(ApiSmokeTest.java:19)
]]></failure>
  </testcase>
  <testcase name="createPost_POST_201" classname="smokeTests.JsonPlaceholderCrudTest" time="0.458"/>
  <testcase name="deletePost_DELETE_200" classname="smokeTests.JsonPlaceholderCrudTest" time="0.381"/>
  <testcase name="partialUpdatePost_PATCH_200" classname="smokeTests.JsonPlaceholderCrudTest" time="0.14"/>
  <testcase name="readPost_GET_200" classname="smokeTests.JsonPlaceholderCrudTest" time="0.025"/>
  <testcase name="updatePost_PUT_200" classname="smokeTests.JsonPlaceholderCrudTest" time="0.43"/>
  <testcase name="createUserTest" classname="smokeTests.ReqResCrudTest" time="0.232"/>
  <testcase name="deleteUserTest" classname="smokeTests.ReqResCrudTest" time="0.0">
    <skipped message="&#10;Expecting actual:&#10;  401&#10;to be in:&#10;  [204, 200]&#10;"/>
  </testcase>
  <testcase name="deleteUserTest" classname="smokeTests.ReqResCrudTest" time="0.073">
    <failure message="&#10;Expecting actual:&#10;  401&#10;to be in:&#10;  [204, 200]&#10;" type="java.lang.AssertionError"><![CDATA[java.lang.AssertionError: 

Expecting actual:
  401
to be in:
  [204, 200]

	at smokeTests.ReqResCrudTest.deleteUserTest(ReqResCrudTest.java:52)
]]></failure>
  </testcase>
  <testcase name="partialUpdateUserTest" classname="smokeTests.ReqResCrudTest" time="0.077"/>
  <testcase name="readUserTest" classname="smokeTests.ReqResCrudTest" time="0.052"/>
  <testcase name="updateUserTest" classname="smokeTests.ReqResCrudTest" time="0.097"/>
</testsuite>